[2024-09-23 10:51:48] production.INFO: array (
  'to' => '+918788363327',
  'message' => 'Test Message',
  'time' => 1727068908,
)  
[2024-09-23 10:53:16] production.INFO: array (
  'to' => '+918788363327',
  'message' => 'Test Message',
  'time' => 1727068996,
)  
[2024-09-23 10:53:27] production.INFO: array (
  'to' => '+918788363327',
  'message' => 'Test Message',
  'time' => 1727069007,
)  
[2024-09-23 10:53:29] production.INFO: array (
  'to' => '+918788363327',
  'message' => 'Test Message',
  'time' => 1727069009,
)  
